[debug] [2021-07-21T21:54:38.709Z] ----------------------------------------------------------------------
[debug] [2021-07-21T21:54:38.712Z] Command:       C:\Program Files\nodejs\node.exe C:\Users\weich\AppData\Roaming\npm\node_modules\firebase-tools\lib\bin\firebase.js emulators:start --only functions
[debug] [2021-07-21T21:54:38.713Z] CLI Version:   9.16.0
[debug] [2021-07-21T21:54:38.713Z] Platform:      win32
[debug] [2021-07-21T21:54:38.713Z] Node Version:  v14.17.3
[debug] [2021-07-21T21:54:38.715Z] Time:          Wed Jul 21 2021 14:54:38 GMT-0700 (Pacific Daylight Time)
[debug] [2021-07-21T21:54:38.715Z] ----------------------------------------------------------------------
[debug] 
[debug] [2021-07-21T21:54:38.769Z] > command requires scopes: ["email","openid","https://www.googleapis.com/auth/cloudplatformprojects.readonly","https://www.googleapis.com/auth/firebase","https://www.googleapis.com/auth/cloud-platform"]
[debug] [2021-07-21T21:54:38.769Z] > authorizing via signed-in user (weichiehlo@gmail.com)
[info] i  emulators: Starting emulators: functions {"metadata":{"emulator":{"name":"hub"},"message":"Starting emulators: functions"}}
[debug] [2021-07-21T21:54:38.784Z] [hub] writing locator at C:\Users\weich\AppData\Local\Temp\hub-mealstogo-d1a74.json
[warn] !  functions: The following emulators are not running, calls to these services from the Functions emulator will affect production: auth, firestore, database, hosting, pubsub, storage {"metadata":{"emulator":{"name":"functions"},"message":"The following emulators are not running, calls to these services from the Functions emulator will affect production: \u001b[1mauth, firestore, database, hosting, pubsub, storage\u001b[22m"}}
[info] +  functions: Using node@14 from host. {"metadata":{"emulator":{"name":"functions"},"message":"Using node@14 from host."}}
[debug] [2021-07-21T21:54:38.799Z] defaultcredentials: writing to file C:\Users\weich\AppData\Roaming\firebase\weichiehlo_gmail_com_application_default_credentials.json
[debug] [2021-07-21T21:54:38.800Z] Setting GAC to C:\Users\weich\AppData\Roaming\firebase\weichiehlo_gmail_com_application_default_credentials.json {"metadata":{"emulator":{"name":"functions"},"message":"Setting GAC to C:\\Users\\weich\\AppData\\Roaming\\firebase\\weichiehlo_gmail_com_application_default_credentials.json"}}
[debug] [2021-07-21T21:54:38.804Z] >>> [apiv2][query] GET https://firebase.googleapis.com/v1beta1/projects/mealstogo-d1a74/adminSdkConfig [none]
[debug] [2021-07-21T21:54:39.121Z] <<< [apiv2][status] GET https://firebase.googleapis.com/v1beta1/projects/mealstogo-d1a74/adminSdkConfig 200
[debug] [2021-07-21T21:54:39.121Z] <<< [apiv2][body] GET https://firebase.googleapis.com/v1beta1/projects/mealstogo-d1a74/adminSdkConfig {"projectId":"mealstogo-d1a74","storageBucket":"mealstogo-d1a74.appspot.com"}
[debug] [2021-07-21T21:54:39.147Z] Ignoring unsupported arg: auto_download {"metadata":{"emulator":{"name":"ui"},"message":"Ignoring unsupported arg: auto_download"}}
[debug] [2021-07-21T21:54:39.147Z] Ignoring unsupported arg: port {"metadata":{"emulator":{"name":"ui"},"message":"Ignoring unsupported arg: port"}}
[debug] [2021-07-21T21:54:39.148Z] Starting Emulator UI with command {"binary":"node","args":["C:\\Users\\weich\\.cache\\firebase\\emulators\\ui-v1.6.0\\server.bundle.js"],"optionalArgs":[],"joinArgs":false} {"metadata":{"emulator":{"name":"ui"},"message":"Starting Emulator UI with command {\"binary\":\"node\",\"args\":[\"C:\\\\Users\\\\weich\\\\.cache\\\\firebase\\\\emulators\\\\ui-v1.6.0\\\\server.bundle.js\"],\"optionalArgs\":[],\"joinArgs\":false}"}}
[info] i  ui: Emulator UI logging to ui-debug.log {"metadata":{"emulator":{"name":"ui"},"message":"Emulator UI logging to \u001b[1mui-debug.log\u001b[22m"}}
[debug] [2021-07-21T21:54:39.307Z] Web / API server started at localhost:4000
 {"metadata":{"emulator":{"name":"ui"},"message":"Web / API server started at localhost:4000\n"}}
[info] i  functions: Watching "C:\Users\weich\Desktop\ReactNative\projects\MealsToGo\functions" for Cloud Functions... {"metadata":{"emulator":{"name":"functions"},"message":"Watching \"C:\\Users\\weich\\Desktop\\ReactNative\\projects\\MealsToGo\\functions\" for Cloud Functions..."}}
[debug] [2021-07-21T21:54:39.452Z] [worker-pool] addWorker(~diagnostic~) {"metadata":{"emulator":{"name":"functions"},"message":"[worker-pool] addWorker(~diagnostic~)"}}
[debug] [2021-07-21T21:54:39.452Z] [worker-pool] Adding worker with key ~diagnostic~, total=1 {"metadata":{"emulator":{"name":"functions"},"message":"[worker-pool] Adding worker with key ~diagnostic~, total=1"}}
[debug] [2021-07-21T21:54:39.453Z] [worker-pool] submitWork(triggerId=) {"metadata":{"emulator":{"name":"functions"},"message":"[worker-pool] submitWork(triggerId=)"}}
[debug] [2021-07-21T21:54:39.454Z] [worker-~diagnostic~-86144767-7b32-4a73-bc7e-0e4ad5fbc70d]: Assigning socketPath: \\?\pipe\C:\Users\weich\Desktop\ReactNative\projects\MealsToGo\functions\4048 {"metadata":{"emulator":{"name":"functions"},"message":"[worker-~diagnostic~-86144767-7b32-4a73-bc7e-0e4ad5fbc70d]: Assigning socketPath: \\\\?\\pipe\\C:\\Users\\weich\\Desktop\\ReactNative\\projects\\MealsToGo\\functions\\4048"}}
[debug] [2021-07-21T21:54:39.454Z] [worker-~diagnostic~-86144767-7b32-4a73-bc7e-0e4ad5fbc70d]: BUSY {"metadata":{"emulator":{"name":"functions"},"message":"[worker-~diagnostic~-86144767-7b32-4a73-bc7e-0e4ad5fbc70d]: BUSY"}}
[debug] [2021-07-21T21:54:39.701Z] [runtime-status] [4048] Functions runtime initialized. {"cwd":"C:\\Users\\weich\\Desktop\\ReactNative\\projects\\MealsToGo\\functions","node_version":"14.17.3"} {"metadata":{"emulator":{"name":"functions"},"message":"[runtime-status] [4048] Functions runtime initialized. {\"cwd\":\"C:\\\\Users\\\\weich\\\\Desktop\\\\ReactNative\\\\projects\\\\MealsToGo\\\\functions\",\"node_version\":\"14.17.3\"}"}}
[debug] [2021-07-21T21:54:39.702Z] [runtime-status] [4048] Disabled runtime features: undefined {"metadata":{"emulator":{"name":"functions"},"message":"[runtime-status] [4048] Disabled runtime features: undefined"}}
[debug] [2021-07-21T21:54:39.706Z] [runtime-status] [4048] Resolved module firebase-admin {"declared":true,"installed":true,"version":"9.11.0","resolution":"C:\\Users\\weich\\Desktop\\ReactNative\\projects\\MealsToGo\\functions\\node_modules\\firebase-admin\\lib\\index.js"} {"metadata":{"emulator":{"name":"functions"},"message":"[runtime-status] [4048] Resolved module firebase-admin {\"declared\":true,\"installed\":true,\"version\":\"9.11.0\",\"resolution\":\"C:\\\\Users\\\\weich\\\\Desktop\\\\ReactNative\\\\projects\\\\MealsToGo\\\\functions\\\\node_modules\\\\firebase-admin\\\\lib\\\\index.js\"}"}}
[debug] [2021-07-21T21:54:39.708Z] [runtime-status] [4048] Resolved module firebase-functions {"declared":true,"installed":true,"version":"3.14.1","resolution":"C:\\Users\\weich\\Desktop\\ReactNative\\projects\\MealsToGo\\functions\\node_modules\\firebase-functions\\lib\\index.js"} {"metadata":{"emulator":{"name":"functions"},"message":"[runtime-status] [4048] Resolved module firebase-functions {\"declared\":true,\"installed\":true,\"version\":\"3.14.1\",\"resolution\":\"C:\\\\Users\\\\weich\\\\Desktop\\\\ReactNative\\\\projects\\\\MealsToGo\\\\functions\\\\node_modules\\\\firebase-functions\\\\lib\\\\index.js\"}"}}
[debug] [2021-07-21T21:54:39.710Z] [runtime-status] [4048] Resolved module firebase-functions {"declared":true,"installed":true,"version":"3.14.1","resolution":"C:\\Users\\weich\\Desktop\\ReactNative\\projects\\MealsToGo\\functions\\node_modules\\firebase-functions\\lib\\index.js"} {"metadata":{"emulator":{"name":"functions"},"message":"[runtime-status] [4048] Resolved module firebase-functions {\"declared\":true,\"installed\":true,\"version\":\"3.14.1\",\"resolution\":\"C:\\\\Users\\\\weich\\\\Desktop\\\\ReactNative\\\\projects\\\\MealsToGo\\\\functions\\\\node_modules\\\\firebase-functions\\\\lib\\\\index.js\"}"}}
[debug] [2021-07-21T21:54:39.711Z] [runtime-status] [4048] Outgoing network have been stubbed. [{"name":"http","status":"mocked"},{"name":"http","status":"mocked"},{"name":"https","status":"mocked"},{"name":"https","status":"mocked"},{"name":"net","status":"mocked"}] {"metadata":{"emulator":{"name":"functions"},"message":"[runtime-status] [4048] Outgoing network have been stubbed. [{\"name\":\"http\",\"status\":\"mocked\"},{\"name\":\"http\",\"status\":\"mocked\"},{\"name\":\"https\",\"status\":\"mocked\"},{\"name\":\"https\",\"status\":\"mocked\"},{\"name\":\"net\",\"status\":\"mocked\"}]"}}
[debug] [2021-07-21T21:54:39.712Z] [runtime-status] [4048] Resolved module firebase-functions {"declared":true,"installed":true,"version":"3.14.1","resolution":"C:\\Users\\weich\\Desktop\\ReactNative\\projects\\MealsToGo\\functions\\node_modules\\firebase-functions\\lib\\index.js"} {"metadata":{"emulator":{"name":"functions"},"message":"[runtime-status] [4048] Resolved module firebase-functions {\"declared\":true,\"installed\":true,\"version\":\"3.14.1\",\"resolution\":\"C:\\\\Users\\\\weich\\\\Desktop\\\\ReactNative\\\\projects\\\\MealsToGo\\\\functions\\\\node_modules\\\\firebase-functions\\\\lib\\\\index.js\"}"}}
[debug] [2021-07-21T21:54:39.763Z] [runtime-status] [4048] Checked functions.config() {"config":{}} {"metadata":{"emulator":{"name":"functions"},"message":"[runtime-status] [4048] Checked functions.config() {\"config\":{}}"}}
[debug] [2021-07-21T21:54:39.763Z] [runtime-status] [4048] firebase-functions has been stubbed. {"functionsResolution":{"declared":true,"installed":true,"version":"3.14.1","resolution":"C:\\Users\\weich\\Desktop\\ReactNative\\projects\\MealsToGo\\functions\\node_modules\\firebase-functions\\lib\\index.js"}} {"metadata":{"emulator":{"name":"functions"},"message":"[runtime-status] [4048] firebase-functions has been stubbed. {\"functionsResolution\":{\"declared\":true,\"installed\":true,\"version\":\"3.14.1\",\"resolution\":\"C:\\\\Users\\\\weich\\\\Desktop\\\\ReactNative\\\\projects\\\\MealsToGo\\\\functions\\\\node_modules\\\\firebase-functions\\\\lib\\\\index.js\"}}"}}
[debug] [2021-07-21T21:54:39.764Z] [runtime-status] [4048] Resolved module firebase-functions {"declared":true,"installed":true,"version":"3.14.1","resolution":"C:\\Users\\weich\\Desktop\\ReactNative\\projects\\MealsToGo\\functions\\node_modules\\firebase-functions\\lib\\index.js"} {"metadata":{"emulator":{"name":"functions"},"message":"[runtime-status] [4048] Resolved module firebase-functions {\"declared\":true,\"installed\":true,\"version\":\"3.14.1\",\"resolution\":\"C:\\\\Users\\\\weich\\\\Desktop\\\\ReactNative\\\\projects\\\\MealsToGo\\\\functions\\\\node_modules\\\\firebase-functions\\\\lib\\\\index.js\"}"}}
[debug] [2021-07-21T21:54:39.765Z] [runtime-status] [4048] Resolved module firebase-admin {"declared":true,"installed":true,"version":"9.11.0","resolution":"C:\\Users\\weich\\Desktop\\ReactNative\\projects\\MealsToGo\\functions\\node_modules\\firebase-admin\\lib\\index.js"} {"metadata":{"emulator":{"name":"functions"},"message":"[runtime-status] [4048] Resolved module firebase-admin {\"declared\":true,\"installed\":true,\"version\":\"9.11.0\",\"resolution\":\"C:\\\\Users\\\\weich\\\\Desktop\\\\ReactNative\\\\projects\\\\MealsToGo\\\\functions\\\\node_modules\\\\firebase-admin\\\\lib\\\\index.js\"}"}}
[debug] [2021-07-21T21:54:39.766Z] [runtime-status] [4048] Resolved module firebase-functions {"declared":true,"installed":true,"version":"3.14.1","resolution":"C:\\Users\\weich\\Desktop\\ReactNative\\projects\\MealsToGo\\functions\\node_modules\\firebase-functions\\lib\\index.js"} {"metadata":{"emulator":{"name":"functions"},"message":"[runtime-status] [4048] Resolved module firebase-functions {\"declared\":true,\"installed\":true,\"version\":\"3.14.1\",\"resolution\":\"C:\\\\Users\\\\weich\\\\Desktop\\\\ReactNative\\\\projects\\\\MealsToGo\\\\functions\\\\node_modules\\\\firebase-functions\\\\lib\\\\index.js\"}"}}
[debug] [2021-07-21T21:54:39.766Z] [runtime-status] [4048] firebase-admin has been stubbed. {"adminResolution":{"declared":true,"installed":true,"version":"9.11.0","resolution":"C:\\Users\\weich\\Desktop\\ReactNative\\projects\\MealsToGo\\functions\\node_modules\\firebase-admin\\lib\\index.js"}} {"metadata":{"emulator":{"name":"functions"},"message":"[runtime-status] [4048] firebase-admin has been stubbed. {\"adminResolution\":{\"declared\":true,\"installed\":true,\"version\":\"9.11.0\",\"resolution\":\"C:\\\\Users\\\\weich\\\\Desktop\\\\ReactNative\\\\projects\\\\MealsToGo\\\\functions\\\\node_modules\\\\firebase-admin\\\\lib\\\\index.js\"}}"}}
[info] +  functions[us-central1-geocode]: http function initialized (http://localhost:5001/mealstogo-d1a74/us-central1/geocode). {"metadata":{"emulator":{"name":"functions"},"message":"\u001b[1mhttp\u001b[22m function initialized (http://localhost:5001/mealstogo-d1a74/us-central1/geocode)."}}
[info] 
┌─────────────────────────────────────────────────────────────┐
│ ✔  All emulators ready! It is now safe to connect your app. │
│ i  View Emulator UI at http://localhost:4000                │
└─────────────────────────────────────────────────────────────┘

┌───────────┬────────────────┬─────────────────────────────────┐
│ Emulator  │ Host:Port      │ View in Emulator UI             │
├───────────┼────────────────┼─────────────────────────────────┤
│ Functions │ localhost:5001 │ http://localhost:4000/functions │
└───────────┴────────────────┴─────────────────────────────────┘
  Emulator Hub running at localhost:4400
  Other reserved ports: 4500

Issues? Report them at https://github.com/firebase/firebase-tools/issues and attach the *-debug.log files.
 
[debug] [2021-07-21T21:54:39.775Z] [worker-~diagnostic~-86144767-7b32-4a73-bc7e-0e4ad5fbc70d]: IDLE {"metadata":{"emulator":{"name":"functions"},"message":"[worker-~diagnostic~-86144767-7b32-4a73-bc7e-0e4ad5fbc70d]: IDLE"}}
[debug] [2021-07-21T21:54:56.536Z] [work-queue] {"queueLength":1,"workRunningCount":0}
[debug] [2021-07-21T21:54:56.537Z] [work-queue] {"queueLength":0,"workRunningCount":1}
[debug] [2021-07-21T21:54:56.538Z] Accepted request GET /mealstogo-d1a74/us-central1/geocode?city=$toronto --> us-central1-geocode
[debug] [2021-07-21T21:54:56.555Z] [worker-pool] addWorker(us-central1-geocode) {"metadata":{"emulator":{"name":"functions"},"message":"[worker-pool] addWorker(us-central1-geocode)"}}
[debug] [2021-07-21T21:54:56.555Z] [worker-pool] Adding worker with key us-central1-geocode, total=1 {"metadata":{"emulator":{"name":"functions"},"message":"[worker-pool] Adding worker with key us-central1-geocode, total=1"}}
[debug] [2021-07-21T21:54:56.556Z] [worker-pool] submitWork(triggerId=us-central1-geocode) {"metadata":{"emulator":{"name":"functions"},"message":"[worker-pool] submitWork(triggerId=us-central1-geocode)"}}
[debug] [2021-07-21T21:54:56.556Z] [worker-us-central1-geocode-087d0f2d-8e02-4339-8199-fb2f9adb73ed]: Assigning socketPath: \\?\pipe\C:\Users\weich\Desktop\ReactNative\projects\MealsToGo\functions\12800 {"metadata":{"emulator":{"name":"functions"},"message":"[worker-us-central1-geocode-087d0f2d-8e02-4339-8199-fb2f9adb73ed]: Assigning socketPath: \\\\?\\pipe\\C:\\Users\\weich\\Desktop\\ReactNative\\projects\\MealsToGo\\functions\\12800"}}
[debug] [2021-07-21T21:54:56.556Z] [worker-us-central1-geocode-087d0f2d-8e02-4339-8199-fb2f9adb73ed]: BUSY {"metadata":{"emulator":{"name":"functions"},"message":"[worker-us-central1-geocode-087d0f2d-8e02-4339-8199-fb2f9adb73ed]: BUSY"}}
[debug] [2021-07-21T21:54:56.827Z] [runtime-status] [12800] Functions runtime initialized. {"cwd":"C:\\Users\\weich\\Desktop\\ReactNative\\projects\\MealsToGo\\functions","node_version":"14.17.3"} {"metadata":{"emulator":{"name":"functions"},"function":{"name":"us-central1-geocode"},"message":"[runtime-status] [12800] Functions runtime initialized. {\"cwd\":\"C:\\\\Users\\\\weich\\\\Desktop\\\\ReactNative\\\\projects\\\\MealsToGo\\\\functions\",\"node_version\":\"14.17.3\"}"}}
[debug] [2021-07-21T21:54:56.830Z] [runtime-status] [12800] Disabled runtime features: undefined {"metadata":{"emulator":{"name":"functions"},"function":{"name":"us-central1-geocode"},"message":"[runtime-status] [12800] Disabled runtime features: undefined"}}
[debug] [2021-07-21T21:54:56.833Z] [runtime-status] [12800] Resolved module firebase-admin {"declared":true,"installed":true,"version":"9.11.0","resolution":"C:\\Users\\weich\\Desktop\\ReactNative\\projects\\MealsToGo\\functions\\node_modules\\firebase-admin\\lib\\index.js"} {"metadata":{"emulator":{"name":"functions"},"function":{"name":"us-central1-geocode"},"message":"[runtime-status] [12800] Resolved module firebase-admin {\"declared\":true,\"installed\":true,\"version\":\"9.11.0\",\"resolution\":\"C:\\\\Users\\\\weich\\\\Desktop\\\\ReactNative\\\\projects\\\\MealsToGo\\\\functions\\\\node_modules\\\\firebase-admin\\\\lib\\\\index.js\"}"}}
[debug] [2021-07-21T21:54:56.835Z] [runtime-status] [12800] Resolved module firebase-functions {"declared":true,"installed":true,"version":"3.14.1","resolution":"C:\\Users\\weich\\Desktop\\ReactNative\\projects\\MealsToGo\\functions\\node_modules\\firebase-functions\\lib\\index.js"} {"metadata":{"emulator":{"name":"functions"},"function":{"name":"us-central1-geocode"},"message":"[runtime-status] [12800] Resolved module firebase-functions {\"declared\":true,\"installed\":true,\"version\":\"3.14.1\",\"resolution\":\"C:\\\\Users\\\\weich\\\\Desktop\\\\ReactNative\\\\projects\\\\MealsToGo\\\\functions\\\\node_modules\\\\firebase-functions\\\\lib\\\\index.js\"}"}}
[debug] [2021-07-21T21:54:56.837Z] [runtime-status] [12800] Resolved module firebase-functions {"declared":true,"installed":true,"version":"3.14.1","resolution":"C:\\Users\\weich\\Desktop\\ReactNative\\projects\\MealsToGo\\functions\\node_modules\\firebase-functions\\lib\\index.js"} {"metadata":{"emulator":{"name":"functions"},"function":{"name":"us-central1-geocode"},"message":"[runtime-status] [12800] Resolved module firebase-functions {\"declared\":true,\"installed\":true,\"version\":\"3.14.1\",\"resolution\":\"C:\\\\Users\\\\weich\\\\Desktop\\\\ReactNative\\\\projects\\\\MealsToGo\\\\functions\\\\node_modules\\\\firebase-functions\\\\lib\\\\index.js\"}"}}
[debug] [2021-07-21T21:54:56.839Z] [runtime-status] [12800] Outgoing network have been stubbed. [{"name":"http","status":"mocked"},{"name":"http","status":"mocked"},{"name":"https","status":"mocked"},{"name":"https","status":"mocked"},{"name":"net","status":"mocked"}] {"metadata":{"emulator":{"name":"functions"},"function":{"name":"us-central1-geocode"},"message":"[runtime-status] [12800] Outgoing network have been stubbed. [{\"name\":\"http\",\"status\":\"mocked\"},{\"name\":\"http\",\"status\":\"mocked\"},{\"name\":\"https\",\"status\":\"mocked\"},{\"name\":\"https\",\"status\":\"mocked\"},{\"name\":\"net\",\"status\":\"mocked\"}]"}}
[debug] [2021-07-21T21:54:56.839Z] [runtime-status] [12800] Resolved module firebase-functions {"declared":true,"installed":true,"version":"3.14.1","resolution":"C:\\Users\\weich\\Desktop\\ReactNative\\projects\\MealsToGo\\functions\\node_modules\\firebase-functions\\lib\\index.js"} {"metadata":{"emulator":{"name":"functions"},"function":{"name":"us-central1-geocode"},"message":"[runtime-status] [12800] Resolved module firebase-functions {\"declared\":true,\"installed\":true,\"version\":\"3.14.1\",\"resolution\":\"C:\\\\Users\\\\weich\\\\Desktop\\\\ReactNative\\\\projects\\\\MealsToGo\\\\functions\\\\node_modules\\\\firebase-functions\\\\lib\\\\index.js\"}"}}
[debug] [2021-07-21T21:54:56.889Z] [runtime-status] [12800] Checked functions.config() {"config":{}} {"metadata":{"emulator":{"name":"functions"},"function":{"name":"us-central1-geocode"},"message":"[runtime-status] [12800] Checked functions.config() {\"config\":{}}"}}
[debug] [2021-07-21T21:54:56.890Z] [runtime-status] [12800] firebase-functions has been stubbed. {"functionsResolution":{"declared":true,"installed":true,"version":"3.14.1","resolution":"C:\\Users\\weich\\Desktop\\ReactNative\\projects\\MealsToGo\\functions\\node_modules\\firebase-functions\\lib\\index.js"}} {"metadata":{"emulator":{"name":"functions"},"function":{"name":"us-central1-geocode"},"message":"[runtime-status] [12800] firebase-functions has been stubbed. {\"functionsResolution\":{\"declared\":true,\"installed\":true,\"version\":\"3.14.1\",\"resolution\":\"C:\\\\Users\\\\weich\\\\Desktop\\\\ReactNative\\\\projects\\\\MealsToGo\\\\functions\\\\node_modules\\\\firebase-functions\\\\lib\\\\index.js\"}}"}}
[debug] [2021-07-21T21:54:56.891Z] [runtime-status] [12800] Resolved module firebase-functions {"declared":true,"installed":true,"version":"3.14.1","resolution":"C:\\Users\\weich\\Desktop\\ReactNative\\projects\\MealsToGo\\functions\\node_modules\\firebase-functions\\lib\\index.js"} {"metadata":{"emulator":{"name":"functions"},"function":{"name":"us-central1-geocode"},"message":"[runtime-status] [12800] Resolved module firebase-functions {\"declared\":true,\"installed\":true,\"version\":\"3.14.1\",\"resolution\":\"C:\\\\Users\\\\weich\\\\Desktop\\\\ReactNative\\\\projects\\\\MealsToGo\\\\functions\\\\node_modules\\\\firebase-functions\\\\lib\\\\index.js\"}"}}
[debug] [2021-07-21T21:54:56.891Z] [runtime-status] [12800] Resolved module firebase-admin {"declared":true,"installed":true,"version":"9.11.0","resolution":"C:\\Users\\weich\\Desktop\\ReactNative\\projects\\MealsToGo\\functions\\node_modules\\firebase-admin\\lib\\index.js"} {"metadata":{"emulator":{"name":"functions"},"function":{"name":"us-central1-geocode"},"message":"[runtime-status] [12800] Resolved module firebase-admin {\"declared\":true,\"installed\":true,\"version\":\"9.11.0\",\"resolution\":\"C:\\\\Users\\\\weich\\\\Desktop\\\\ReactNative\\\\projects\\\\MealsToGo\\\\functions\\\\node_modules\\\\firebase-admin\\\\lib\\\\index.js\"}"}}
[debug] [2021-07-21T21:54:56.892Z] [runtime-status] [12800] Resolved module firebase-functions {"declared":true,"installed":true,"version":"3.14.1","resolution":"C:\\Users\\weich\\Desktop\\ReactNative\\projects\\MealsToGo\\functions\\node_modules\\firebase-functions\\lib\\index.js"} {"metadata":{"emulator":{"name":"functions"},"function":{"name":"us-central1-geocode"},"message":"[runtime-status] [12800] Resolved module firebase-functions {\"declared\":true,\"installed\":true,\"version\":\"3.14.1\",\"resolution\":\"C:\\\\Users\\\\weich\\\\Desktop\\\\ReactNative\\\\projects\\\\MealsToGo\\\\functions\\\\node_modules\\\\firebase-functions\\\\lib\\\\index.js\"}"}}
[debug] [2021-07-21T21:54:56.893Z] [runtime-status] [12800] firebase-admin has been stubbed. {"adminResolution":{"declared":true,"installed":true,"version":"9.11.0","resolution":"C:\\Users\\weich\\Desktop\\ReactNative\\projects\\MealsToGo\\functions\\node_modules\\firebase-admin\\lib\\index.js"}} {"metadata":{"emulator":{"name":"functions"},"function":{"name":"us-central1-geocode"},"message":"[runtime-status] [12800] firebase-admin has been stubbed. {\"adminResolution\":{\"declared\":true,\"installed\":true,\"version\":\"9.11.0\",\"resolution\":\"C:\\\\Users\\\\weich\\\\Desktop\\\\ReactNative\\\\projects\\\\MealsToGo\\\\functions\\\\node_modules\\\\firebase-admin\\\\lib\\\\index.js\"}}"}}
[debug] [2021-07-21T21:54:56.897Z] [runtime-status] [12800] Trigger "us-central1-geocode" has been found, beginning invocation! {"metadata":{"emulator":{"name":"functions"},"function":{"name":"us-central1-geocode"},"message":"[runtime-status] [12800] Trigger \"us-central1-geocode\" has been found, beginning invocation!"}}
[info] i  functions: Beginning execution of "us-central1-geocode" {"metadata":{"emulator":{"name":"functions"},"function":{"name":"us-central1-geocode"},"message":"Beginning execution of \"us-central1-geocode\""}}
[debug] [2021-07-21T21:54:56.899Z] [runtime-status] [12800] triggerDefinition {"httpsTrigger":{},"name":"geocode","entryPoint":"geocode","regions":["us-central1"],"region":"us-central1","id":"us-central1-geocode"} {"metadata":{"emulator":{"name":"functions"},"function":{"name":"us-central1-geocode"},"message":"[runtime-status] [12800] triggerDefinition {\"httpsTrigger\":{},\"name\":\"geocode\",\"entryPoint\":\"geocode\",\"regions\":[\"us-central1\"],\"region\":\"us-central1\",\"id\":\"us-central1-geocode\"}"}}
[debug] [2021-07-21T21:54:56.899Z] [runtime-status] [12800] Running us-central1-geocode in mode HTTPS {"metadata":{"emulator":{"name":"functions"},"function":{"name":"us-central1-geocode"},"message":"[runtime-status] [12800] Running us-central1-geocode in mode HTTPS"}}
[debug] [2021-07-21T21:54:56.902Z] [runtime-status] [12800] Attempting to listen to socketPath: \\?\pipe\C:\Users\weich\Desktop\ReactNative\projects\MealsToGo\functions\12800 {"metadata":{"emulator":{"name":"functions"},"function":{"name":"us-central1-geocode"},"message":"[runtime-status] [12800] Attempting to listen to socketPath: \\\\?\\pipe\\C:\\Users\\weich\\Desktop\\ReactNative\\projects\\MealsToGo\\functions\\12800"}}
[debug] [2021-07-21T21:54:56.904Z] [functions] Runtime ready! Sending request! {"metadata":{"emulator":{"name":"functions"},"message":"[functions] Runtime ready! Sending request!"}}
[debug] [2021-07-21T21:54:56.906Z] [functions] Got req.url=/mealstogo-d1a74/us-central1/geocode?city=$toronto, mapping to path=/?city=$toronto {"metadata":{"emulator":{"name":"functions"},"message":"[functions] Got req.url=/mealstogo-d1a74/us-central1/geocode?city=$toronto, mapping to path=/?city=$toronto"}}
[debug] [2021-07-21T21:54:56.915Z] [runtime-status] [12800] Ephemeral server handling GET request {"metadata":{"emulator":{"name":"functions"},"function":{"name":"us-central1-geocode"},"message":"[runtime-status] [12800] Ephemeral server handling GET request"}}
[debug] [2021-07-21T21:54:56.920Z] [runtime-status] [12800] Ephemeral server survived. {"metadata":{"emulator":{"name":"functions"},"function":{"name":"us-central1-geocode"},"message":"[runtime-status] [12800] Ephemeral server survived."}}
[info] i  functions: Finished "us-central1-geocode" in ~1s {"metadata":{"emulator":{"name":"functions"},"function":{"name":"us-central1-geocode"},"message":"Finished \"us-central1-geocode\" in ~1s"}}
[debug] [2021-07-21T21:54:56.930Z] [worker-us-central1-geocode-087d0f2d-8e02-4339-8199-fb2f9adb73ed]: IDLE {"metadata":{"emulator":{"name":"functions"},"message":"[worker-us-central1-geocode-087d0f2d-8e02-4339-8199-fb2f9adb73ed]: IDLE"}}
[debug] [2021-07-21T21:54:56.930Z] [work-queue] {"queueLength":0,"workRunningCount":0}
[debug] [2021-07-21T21:54:57.088Z] Functions emulator received unknown request at path /favicon.ico
[debug] [2021-07-21T21:55:14.725Z] [work-queue] {"queueLength":1,"workRunningCount":0}
[debug] [2021-07-21T21:55:14.725Z] [work-queue] {"queueLength":0,"workRunningCount":1}
[debug] [2021-07-21T21:55:14.725Z] Accepted request GET /mealstogo-d1a74/us-central1/geocode?city=$anywerp --> us-central1-geocode
[debug] [2021-07-21T21:55:14.725Z] [worker-pool] submitWork(triggerId=us-central1-geocode) {"metadata":{"emulator":{"name":"functions"},"message":"[worker-pool] submitWork(triggerId=us-central1-geocode)"}}
[debug] [2021-07-21T21:55:14.726Z] [worker-us-central1-geocode-087d0f2d-8e02-4339-8199-fb2f9adb73ed]: Assigning socketPath: \\?\pipe\C:\Users\weich\Desktop\ReactNative\projects\MealsToGo\functions\12800 {"metadata":{"emulator":{"name":"functions"},"message":"[worker-us-central1-geocode-087d0f2d-8e02-4339-8199-fb2f9adb73ed]: Assigning socketPath: \\\\?\\pipe\\C:\\Users\\weich\\Desktop\\ReactNative\\projects\\MealsToGo\\functions\\12800"}}
[debug] [2021-07-21T21:55:14.726Z] [worker-us-central1-geocode-087d0f2d-8e02-4339-8199-fb2f9adb73ed]: BUSY {"metadata":{"emulator":{"name":"functions"},"message":"[worker-us-central1-geocode-087d0f2d-8e02-4339-8199-fb2f9adb73ed]: BUSY"}}
[debug] [2021-07-21T21:55:14.726Z] [runtime-status] [12800] Trigger "us-central1-geocode" has been found, beginning invocation! {"metadata":{"emulator":{"name":"functions"},"function":{"name":"us-central1-geocode"},"message":"[runtime-status] [12800] Trigger \"us-central1-geocode\" has been found, beginning invocation!"}}
[info] i  functions: Beginning execution of "us-central1-geocode" {"metadata":{"emulator":{"name":"functions"},"function":{"name":"us-central1-geocode"},"message":"Beginning execution of \"us-central1-geocode\""}}
[debug] [2021-07-21T21:55:14.727Z] [runtime-status] [12800] triggerDefinition {"httpsTrigger":{},"name":"geocode","entryPoint":"geocode","regions":["us-central1"],"region":"us-central1","id":"us-central1-geocode"} {"metadata":{"emulator":{"name":"functions"},"function":{"name":"us-central1-geocode"},"message":"[runtime-status] [12800] triggerDefinition {\"httpsTrigger\":{},\"name\":\"geocode\",\"entryPoint\":\"geocode\",\"regions\":[\"us-central1\"],\"region\":\"us-central1\",\"id\":\"us-central1-geocode\"}"}}
[debug] [2021-07-21T21:55:14.727Z] [runtime-status] [12800] Running us-central1-geocode in mode HTTPS {"metadata":{"emulator":{"name":"functions"},"function":{"name":"us-central1-geocode"},"message":"[runtime-status] [12800] Running us-central1-geocode in mode HTTPS"}}
[debug] [2021-07-21T21:55:14.728Z] [runtime-status] [12800] Attempting to listen to socketPath: \\?\pipe\C:\Users\weich\Desktop\ReactNative\projects\MealsToGo\functions\12800 {"metadata":{"emulator":{"name":"functions"},"function":{"name":"us-central1-geocode"},"message":"[runtime-status] [12800] Attempting to listen to socketPath: \\\\?\\pipe\\C:\\Users\\weich\\Desktop\\ReactNative\\projects\\MealsToGo\\functions\\12800"}}
[debug] [2021-07-21T21:55:14.728Z] [functions] Runtime ready! Sending request! {"metadata":{"emulator":{"name":"functions"},"message":"[functions] Runtime ready! Sending request!"}}
[debug] [2021-07-21T21:55:14.729Z] [functions] Got req.url=/mealstogo-d1a74/us-central1/geocode?city=$anywerp, mapping to path=/?city=$anywerp {"metadata":{"emulator":{"name":"functions"},"message":"[functions] Got req.url=/mealstogo-d1a74/us-central1/geocode?city=$anywerp, mapping to path=/?city=$anywerp"}}
[debug] [2021-07-21T21:55:14.730Z] [runtime-status] [12800] Ephemeral server handling GET request {"metadata":{"emulator":{"name":"functions"},"function":{"name":"us-central1-geocode"},"message":"[runtime-status] [12800] Ephemeral server handling GET request"}}
[debug] [2021-07-21T21:55:14.732Z] [runtime-status] [12800] Ephemeral server survived. {"metadata":{"emulator":{"name":"functions"},"function":{"name":"us-central1-geocode"},"message":"[runtime-status] [12800] Ephemeral server survived."}}
[info] i  functions: Finished "us-central1-geocode" in ~1s {"metadata":{"emulator":{"name":"functions"},"function":{"name":"us-central1-geocode"},"message":"Finished \"us-central1-geocode\" in ~1s"}}
[debug] [2021-07-21T21:55:14.733Z] [worker-us-central1-geocode-087d0f2d-8e02-4339-8199-fb2f9adb73ed]: IDLE {"metadata":{"emulator":{"name":"functions"},"message":"[worker-us-central1-geocode-087d0f2d-8e02-4339-8199-fb2f9adb73ed]: IDLE"}}
[debug] [2021-07-21T21:55:14.733Z] [work-queue] {"queueLength":0,"workRunningCount":0}
[debug] [2021-07-21T21:55:22.438Z] [work-queue] {"queueLength":1,"workRunningCount":0}
[debug] [2021-07-21T21:55:22.438Z] [work-queue] {"queueLength":0,"workRunningCount":1}
[debug] [2021-07-21T21:55:22.438Z] Accepted request GET /mealstogo-d1a74/us-central1/geocode?city=$antwerp --> us-central1-geocode
[debug] [2021-07-21T21:55:22.439Z] [worker-pool] submitWork(triggerId=us-central1-geocode) {"metadata":{"emulator":{"name":"functions"},"message":"[worker-pool] submitWork(triggerId=us-central1-geocode)"}}
[debug] [2021-07-21T21:55:22.439Z] [worker-us-central1-geocode-087d0f2d-8e02-4339-8199-fb2f9adb73ed]: Assigning socketPath: \\?\pipe\C:\Users\weich\Desktop\ReactNative\projects\MealsToGo\functions\12800 {"metadata":{"emulator":{"name":"functions"},"message":"[worker-us-central1-geocode-087d0f2d-8e02-4339-8199-fb2f9adb73ed]: Assigning socketPath: \\\\?\\pipe\\C:\\Users\\weich\\Desktop\\ReactNative\\projects\\MealsToGo\\functions\\12800"}}
[debug] [2021-07-21T21:55:22.439Z] [worker-us-central1-geocode-087d0f2d-8e02-4339-8199-fb2f9adb73ed]: BUSY {"metadata":{"emulator":{"name":"functions"},"message":"[worker-us-central1-geocode-087d0f2d-8e02-4339-8199-fb2f9adb73ed]: BUSY"}}
[debug] [2021-07-21T21:55:22.439Z] [runtime-status] [12800] Trigger "us-central1-geocode" has been found, beginning invocation! {"metadata":{"emulator":{"name":"functions"},"function":{"name":"us-central1-geocode"},"message":"[runtime-status] [12800] Trigger \"us-central1-geocode\" has been found, beginning invocation!"}}
[info] i  functions: Beginning execution of "us-central1-geocode" {"metadata":{"emulator":{"name":"functions"},"function":{"name":"us-central1-geocode"},"message":"Beginning execution of \"us-central1-geocode\""}}
[debug] [2021-07-21T21:55:22.441Z] [runtime-status] [12800] triggerDefinition {"httpsTrigger":{},"name":"geocode","entryPoint":"geocode","regions":["us-central1"],"region":"us-central1","id":"us-central1-geocode"} {"metadata":{"emulator":{"name":"functions"},"function":{"name":"us-central1-geocode"},"message":"[runtime-status] [12800] triggerDefinition {\"httpsTrigger\":{},\"name\":\"geocode\",\"entryPoint\":\"geocode\",\"regions\":[\"us-central1\"],\"region\":\"us-central1\",\"id\":\"us-central1-geocode\"}"}}
[debug] [2021-07-21T21:55:22.441Z] [runtime-status] [12800] Running us-central1-geocode in mode HTTPS {"metadata":{"emulator":{"name":"functions"},"function":{"name":"us-central1-geocode"},"message":"[runtime-status] [12800] Running us-central1-geocode in mode HTTPS"}}
[debug] [2021-07-21T21:55:22.441Z] [runtime-status] [12800] Attempting to listen to socketPath: \\?\pipe\C:\Users\weich\Desktop\ReactNative\projects\MealsToGo\functions\12800 {"metadata":{"emulator":{"name":"functions"},"function":{"name":"us-central1-geocode"},"message":"[runtime-status] [12800] Attempting to listen to socketPath: \\\\?\\pipe\\C:\\Users\\weich\\Desktop\\ReactNative\\projects\\MealsToGo\\functions\\12800"}}
[debug] [2021-07-21T21:55:22.442Z] [functions] Runtime ready! Sending request! {"metadata":{"emulator":{"name":"functions"},"message":"[functions] Runtime ready! Sending request!"}}
[debug] [2021-07-21T21:55:22.442Z] [functions] Got req.url=/mealstogo-d1a74/us-central1/geocode?city=$antwerp, mapping to path=/?city=$antwerp {"metadata":{"emulator":{"name":"functions"},"message":"[functions] Got req.url=/mealstogo-d1a74/us-central1/geocode?city=$antwerp, mapping to path=/?city=$antwerp"}}
[debug] [2021-07-21T21:55:22.444Z] [runtime-status] [12800] Ephemeral server handling GET request {"metadata":{"emulator":{"name":"functions"},"function":{"name":"us-central1-geocode"},"message":"[runtime-status] [12800] Ephemeral server handling GET request"}}
[debug] [2021-07-21T21:55:22.445Z] [runtime-status] [12800] Ephemeral server survived. {"metadata":{"emulator":{"name":"functions"},"function":{"name":"us-central1-geocode"},"message":"[runtime-status] [12800] Ephemeral server survived."}}
[info] i  functions: Finished "us-central1-geocode" in ~1s {"metadata":{"emulator":{"name":"functions"},"function":{"name":"us-central1-geocode"},"message":"Finished \"us-central1-geocode\" in ~1s"}}
[debug] [2021-07-21T21:55:22.446Z] [worker-us-central1-geocode-087d0f2d-8e02-4339-8199-fb2f9adb73ed]: IDLE {"metadata":{"emulator":{"name":"functions"},"message":"[worker-us-central1-geocode-087d0f2d-8e02-4339-8199-fb2f9adb73ed]: IDLE"}}
[debug] [2021-07-21T21:55:22.446Z] [work-queue] {"queueLength":0,"workRunningCount":0}
[debug] [2021-07-21T21:56:09.394Z] [work-queue] {"queueLength":1,"workRunningCount":0}
[debug] [2021-07-21T21:56:09.394Z] [work-queue] {"queueLength":0,"workRunningCount":1}
[debug] [2021-07-21T21:56:09.395Z] Accepted request GET /mealstogo-d1a74/us-central1/geocode?city=$city=antwerp --> us-central1-geocode
[debug] [2021-07-21T21:56:09.396Z] [worker-pool] submitWork(triggerId=us-central1-geocode) {"metadata":{"emulator":{"name":"functions"},"message":"[worker-pool] submitWork(triggerId=us-central1-geocode)"}}
[debug] [2021-07-21T21:56:09.396Z] [worker-us-central1-geocode-087d0f2d-8e02-4339-8199-fb2f9adb73ed]: Assigning socketPath: \\?\pipe\C:\Users\weich\Desktop\ReactNative\projects\MealsToGo\functions\12800 {"metadata":{"emulator":{"name":"functions"},"message":"[worker-us-central1-geocode-087d0f2d-8e02-4339-8199-fb2f9adb73ed]: Assigning socketPath: \\\\?\\pipe\\C:\\Users\\weich\\Desktop\\ReactNative\\projects\\MealsToGo\\functions\\12800"}}
[debug] [2021-07-21T21:56:09.396Z] [worker-us-central1-geocode-087d0f2d-8e02-4339-8199-fb2f9adb73ed]: BUSY {"metadata":{"emulator":{"name":"functions"},"message":"[worker-us-central1-geocode-087d0f2d-8e02-4339-8199-fb2f9adb73ed]: BUSY"}}
[debug] [2021-07-21T21:56:09.396Z] [runtime-status] [12800] Trigger "us-central1-geocode" has been found, beginning invocation! {"metadata":{"emulator":{"name":"functions"},"function":{"name":"us-central1-geocode"},"message":"[runtime-status] [12800] Trigger \"us-central1-geocode\" has been found, beginning invocation!"}}
[info] i  functions: Beginning execution of "us-central1-geocode" {"metadata":{"emulator":{"name":"functions"},"function":{"name":"us-central1-geocode"},"message":"Beginning execution of \"us-central1-geocode\""}}
[debug] [2021-07-21T21:56:09.397Z] [runtime-status] [12800] triggerDefinition {"httpsTrigger":{},"name":"geocode","entryPoint":"geocode","regions":["us-central1"],"region":"us-central1","id":"us-central1-geocode"} {"metadata":{"emulator":{"name":"functions"},"function":{"name":"us-central1-geocode"},"message":"[runtime-status] [12800] triggerDefinition {\"httpsTrigger\":{},\"name\":\"geocode\",\"entryPoint\":\"geocode\",\"regions\":[\"us-central1\"],\"region\":\"us-central1\",\"id\":\"us-central1-geocode\"}"}}
[debug] [2021-07-21T21:56:09.398Z] [runtime-status] [12800] Running us-central1-geocode in mode HTTPS {"metadata":{"emulator":{"name":"functions"},"function":{"name":"us-central1-geocode"},"message":"[runtime-status] [12800] Running us-central1-geocode in mode HTTPS"}}
[debug] [2021-07-21T21:56:09.398Z] [runtime-status] [12800] Attempting to listen to socketPath: \\?\pipe\C:\Users\weich\Desktop\ReactNative\projects\MealsToGo\functions\12800 {"metadata":{"emulator":{"name":"functions"},"function":{"name":"us-central1-geocode"},"message":"[runtime-status] [12800] Attempting to listen to socketPath: \\\\?\\pipe\\C:\\Users\\weich\\Desktop\\ReactNative\\projects\\MealsToGo\\functions\\12800"}}
[debug] [2021-07-21T21:56:09.399Z] [functions] Runtime ready! Sending request! {"metadata":{"emulator":{"name":"functions"},"message":"[functions] Runtime ready! Sending request!"}}
[debug] [2021-07-21T21:56:09.399Z] [functions] Got req.url=/mealstogo-d1a74/us-central1/geocode?city=$city=antwerp, mapping to path=/?city=$city=antwerp {"metadata":{"emulator":{"name":"functions"},"message":"[functions] Got req.url=/mealstogo-d1a74/us-central1/geocode?city=$city=antwerp, mapping to path=/?city=$city=antwerp"}}
[debug] [2021-07-21T21:56:09.400Z] [runtime-status] [12800] Ephemeral server handling GET request {"metadata":{"emulator":{"name":"functions"},"function":{"name":"us-central1-geocode"},"message":"[runtime-status] [12800] Ephemeral server handling GET request"}}
[debug] [2021-07-21T21:56:09.401Z] [runtime-status] [12800] Ephemeral server survived. {"metadata":{"emulator":{"name":"functions"},"function":{"name":"us-central1-geocode"},"message":"[runtime-status] [12800] Ephemeral server survived."}}
[info] i  functions: Finished "us-central1-geocode" in ~1s {"metadata":{"emulator":{"name":"functions"},"function":{"name":"us-central1-geocode"},"message":"Finished \"us-central1-geocode\" in ~1s"}}
[debug] [2021-07-21T21:56:09.403Z] [worker-us-central1-geocode-087d0f2d-8e02-4339-8199-fb2f9adb73ed]: IDLE {"metadata":{"emulator":{"name":"functions"},"message":"[worker-us-central1-geocode-087d0f2d-8e02-4339-8199-fb2f9adb73ed]: IDLE"}}
[debug] [2021-07-21T21:56:09.403Z] [work-queue] {"queueLength":0,"workRunningCount":0}
[debug] [2021-07-21T21:56:17.660Z] [work-queue] {"queueLength":1,"workRunningCount":0}
[debug] [2021-07-21T21:56:17.661Z] [work-queue] {"queueLength":0,"workRunningCount":1}
[debug] [2021-07-21T21:56:17.661Z] Accepted request GET /mealstogo-d1a74/us-central1/geocode?city=?city=antwerp --> us-central1-geocode
[debug] [2021-07-21T21:56:17.661Z] [worker-pool] submitWork(triggerId=us-central1-geocode) {"metadata":{"emulator":{"name":"functions"},"message":"[worker-pool] submitWork(triggerId=us-central1-geocode)"}}
[debug] [2021-07-21T21:56:17.661Z] [worker-us-central1-geocode-087d0f2d-8e02-4339-8199-fb2f9adb73ed]: Assigning socketPath: \\?\pipe\C:\Users\weich\Desktop\ReactNative\projects\MealsToGo\functions\12800 {"metadata":{"emulator":{"name":"functions"},"message":"[worker-us-central1-geocode-087d0f2d-8e02-4339-8199-fb2f9adb73ed]: Assigning socketPath: \\\\?\\pipe\\C:\\Users\\weich\\Desktop\\ReactNative\\projects\\MealsToGo\\functions\\12800"}}
[debug] [2021-07-21T21:56:17.661Z] [worker-us-central1-geocode-087d0f2d-8e02-4339-8199-fb2f9adb73ed]: BUSY {"metadata":{"emulator":{"name":"functions"},"message":"[worker-us-central1-geocode-087d0f2d-8e02-4339-8199-fb2f9adb73ed]: BUSY"}}
[debug] [2021-07-21T21:56:17.662Z] [runtime-status] [12800] Trigger "us-central1-geocode" has been found, beginning invocation! {"metadata":{"emulator":{"name":"functions"},"function":{"name":"us-central1-geocode"},"message":"[runtime-status] [12800] Trigger \"us-central1-geocode\" has been found, beginning invocation!"}}
[info] i  functions: Beginning execution of "us-central1-geocode" {"metadata":{"emulator":{"name":"functions"},"function":{"name":"us-central1-geocode"},"message":"Beginning execution of \"us-central1-geocode\""}}
[debug] [2021-07-21T21:56:17.663Z] [runtime-status] [12800] triggerDefinition {"httpsTrigger":{},"name":"geocode","entryPoint":"geocode","regions":["us-central1"],"region":"us-central1","id":"us-central1-geocode"} {"metadata":{"emulator":{"name":"functions"},"function":{"name":"us-central1-geocode"},"message":"[runtime-status] [12800] triggerDefinition {\"httpsTrigger\":{},\"name\":\"geocode\",\"entryPoint\":\"geocode\",\"regions\":[\"us-central1\"],\"region\":\"us-central1\",\"id\":\"us-central1-geocode\"}"}}
[debug] [2021-07-21T21:56:17.663Z] [runtime-status] [12800] Running us-central1-geocode in mode HTTPS {"metadata":{"emulator":{"name":"functions"},"function":{"name":"us-central1-geocode"},"message":"[runtime-status] [12800] Running us-central1-geocode in mode HTTPS"}}
[debug] [2021-07-21T21:56:17.663Z] [runtime-status] [12800] Attempting to listen to socketPath: \\?\pipe\C:\Users\weich\Desktop\ReactNative\projects\MealsToGo\functions\12800 {"metadata":{"emulator":{"name":"functions"},"function":{"name":"us-central1-geocode"},"message":"[runtime-status] [12800] Attempting to listen to socketPath: \\\\?\\pipe\\C:\\Users\\weich\\Desktop\\ReactNative\\projects\\MealsToGo\\functions\\12800"}}
[debug] [2021-07-21T21:56:17.665Z] [functions] Runtime ready! Sending request! {"metadata":{"emulator":{"name":"functions"},"message":"[functions] Runtime ready! Sending request!"}}
[debug] [2021-07-21T21:56:17.666Z] [functions] Got req.url=/mealstogo-d1a74/us-central1/geocode?city=?city=antwerp, mapping to path=/?city=?city=antwerp {"metadata":{"emulator":{"name":"functions"},"message":"[functions] Got req.url=/mealstogo-d1a74/us-central1/geocode?city=?city=antwerp, mapping to path=/?city=?city=antwerp"}}
[debug] [2021-07-21T21:56:17.667Z] [runtime-status] [12800] Ephemeral server handling GET request {"metadata":{"emulator":{"name":"functions"},"function":{"name":"us-central1-geocode"},"message":"[runtime-status] [12800] Ephemeral server handling GET request"}}
[debug] [2021-07-21T21:56:17.668Z] [runtime-status] [12800] Ephemeral server survived. {"metadata":{"emulator":{"name":"functions"},"function":{"name":"us-central1-geocode"},"message":"[runtime-status] [12800] Ephemeral server survived."}}
[info] i  functions: Finished "us-central1-geocode" in ~1s {"metadata":{"emulator":{"name":"functions"},"function":{"name":"us-central1-geocode"},"message":"Finished \"us-central1-geocode\" in ~1s"}}
[debug] [2021-07-21T21:56:17.670Z] [worker-us-central1-geocode-087d0f2d-8e02-4339-8199-fb2f9adb73ed]: IDLE {"metadata":{"emulator":{"name":"functions"},"message":"[worker-us-central1-geocode-087d0f2d-8e02-4339-8199-fb2f9adb73ed]: IDLE"}}
[debug] [2021-07-21T21:56:17.670Z] [work-queue] {"queueLength":0,"workRunningCount":0}
[debug] [2021-07-21T21:56:22.429Z] [work-queue] {"queueLength":1,"workRunningCount":0}
[debug] [2021-07-21T21:56:22.429Z] [work-queue] {"queueLength":0,"workRunningCount":1}
[debug] [2021-07-21T21:56:22.429Z] Accepted request GET /mealstogo-d1a74/us-central1/geocode?city=?city=toronto --> us-central1-geocode
[debug] [2021-07-21T21:56:22.429Z] [worker-pool] submitWork(triggerId=us-central1-geocode) {"metadata":{"emulator":{"name":"functions"},"message":"[worker-pool] submitWork(triggerId=us-central1-geocode)"}}
[debug] [2021-07-21T21:56:22.430Z] [worker-us-central1-geocode-087d0f2d-8e02-4339-8199-fb2f9adb73ed]: Assigning socketPath: \\?\pipe\C:\Users\weich\Desktop\ReactNative\projects\MealsToGo\functions\12800 {"metadata":{"emulator":{"name":"functions"},"message":"[worker-us-central1-geocode-087d0f2d-8e02-4339-8199-fb2f9adb73ed]: Assigning socketPath: \\\\?\\pipe\\C:\\Users\\weich\\Desktop\\ReactNative\\projects\\MealsToGo\\functions\\12800"}}
[debug] [2021-07-21T21:56:22.430Z] [worker-us-central1-geocode-087d0f2d-8e02-4339-8199-fb2f9adb73ed]: BUSY {"metadata":{"emulator":{"name":"functions"},"message":"[worker-us-central1-geocode-087d0f2d-8e02-4339-8199-fb2f9adb73ed]: BUSY"}}
[debug] [2021-07-21T21:56:22.430Z] [runtime-status] [12800] Trigger "us-central1-geocode" has been found, beginning invocation! {"metadata":{"emulator":{"name":"functions"},"function":{"name":"us-central1-geocode"},"message":"[runtime-status] [12800] Trigger \"us-central1-geocode\" has been found, beginning invocation!"}}
[info] i  functions: Beginning execution of "us-central1-geocode" {"metadata":{"emulator":{"name":"functions"},"function":{"name":"us-central1-geocode"},"message":"Beginning execution of \"us-central1-geocode\""}}
[debug] [2021-07-21T21:56:22.431Z] [runtime-status] [12800] triggerDefinition {"httpsTrigger":{},"name":"geocode","entryPoint":"geocode","regions":["us-central1"],"region":"us-central1","id":"us-central1-geocode"} {"metadata":{"emulator":{"name":"functions"},"function":{"name":"us-central1-geocode"},"message":"[runtime-status] [12800] triggerDefinition {\"httpsTrigger\":{},\"name\":\"geocode\",\"entryPoint\":\"geocode\",\"regions\":[\"us-central1\"],\"region\":\"us-central1\",\"id\":\"us-central1-geocode\"}"}}
[debug] [2021-07-21T21:56:22.431Z] [runtime-status] [12800] Running us-central1-geocode in mode HTTPS {"metadata":{"emulator":{"name":"functions"},"function":{"name":"us-central1-geocode"},"message":"[runtime-status] [12800] Running us-central1-geocode in mode HTTPS"}}
[debug] [2021-07-21T21:56:22.432Z] [runtime-status] [12800] Attempting to listen to socketPath: \\?\pipe\C:\Users\weich\Desktop\ReactNative\projects\MealsToGo\functions\12800 {"metadata":{"emulator":{"name":"functions"},"function":{"name":"us-central1-geocode"},"message":"[runtime-status] [12800] Attempting to listen to socketPath: \\\\?\\pipe\\C:\\Users\\weich\\Desktop\\ReactNative\\projects\\MealsToGo\\functions\\12800"}}
[debug] [2021-07-21T21:56:22.432Z] [functions] Runtime ready! Sending request! {"metadata":{"emulator":{"name":"functions"},"message":"[functions] Runtime ready! Sending request!"}}
[debug] [2021-07-21T21:56:22.433Z] [functions] Got req.url=/mealstogo-d1a74/us-central1/geocode?city=?city=toronto, mapping to path=/?city=?city=toronto {"metadata":{"emulator":{"name":"functions"},"message":"[functions] Got req.url=/mealstogo-d1a74/us-central1/geocode?city=?city=toronto, mapping to path=/?city=?city=toronto"}}
[debug] [2021-07-21T21:56:22.434Z] [runtime-status] [12800] Ephemeral server handling GET request {"metadata":{"emulator":{"name":"functions"},"function":{"name":"us-central1-geocode"},"message":"[runtime-status] [12800] Ephemeral server handling GET request"}}
[debug] [2021-07-21T21:56:22.435Z] [runtime-status] [12800] Ephemeral server survived. {"metadata":{"emulator":{"name":"functions"},"function":{"name":"us-central1-geocode"},"message":"[runtime-status] [12800] Ephemeral server survived."}}
[info] i  functions: Finished "us-central1-geocode" in ~1s {"metadata":{"emulator":{"name":"functions"},"function":{"name":"us-central1-geocode"},"message":"Finished \"us-central1-geocode\" in ~1s"}}
[debug] [2021-07-21T21:56:22.436Z] [worker-us-central1-geocode-087d0f2d-8e02-4339-8199-fb2f9adb73ed]: IDLE {"metadata":{"emulator":{"name":"functions"},"message":"[worker-us-central1-geocode-087d0f2d-8e02-4339-8199-fb2f9adb73ed]: IDLE"}}
[debug] [2021-07-21T21:56:22.436Z] [work-queue] {"queueLength":0,"workRunningCount":0}
[debug] [2021-07-21T21:56:35.589Z] [work-queue] {"queueLength":1,"workRunningCount":0}
[debug] [2021-07-21T21:56:35.589Z] [work-queue] {"queueLength":0,"workRunningCount":1}
[debug] [2021-07-21T21:56:35.589Z] Accepted request GET /mealstogo-d1a74/us-central1/geocode?city=Toronto --> us-central1-geocode
[debug] [2021-07-21T21:56:35.590Z] [worker-pool] submitWork(triggerId=us-central1-geocode) {"metadata":{"emulator":{"name":"functions"},"message":"[worker-pool] submitWork(triggerId=us-central1-geocode)"}}
[debug] [2021-07-21T21:56:35.590Z] [worker-us-central1-geocode-087d0f2d-8e02-4339-8199-fb2f9adb73ed]: Assigning socketPath: \\?\pipe\C:\Users\weich\Desktop\ReactNative\projects\MealsToGo\functions\12800 {"metadata":{"emulator":{"name":"functions"},"message":"[worker-us-central1-geocode-087d0f2d-8e02-4339-8199-fb2f9adb73ed]: Assigning socketPath: \\\\?\\pipe\\C:\\Users\\weich\\Desktop\\ReactNative\\projects\\MealsToGo\\functions\\12800"}}
[debug] [2021-07-21T21:56:35.590Z] [worker-us-central1-geocode-087d0f2d-8e02-4339-8199-fb2f9adb73ed]: BUSY {"metadata":{"emulator":{"name":"functions"},"message":"[worker-us-central1-geocode-087d0f2d-8e02-4339-8199-fb2f9adb73ed]: BUSY"}}
[debug] [2021-07-21T21:56:35.590Z] [runtime-status] [12800] Trigger "us-central1-geocode" has been found, beginning invocation! {"metadata":{"emulator":{"name":"functions"},"function":{"name":"us-central1-geocode"},"message":"[runtime-status] [12800] Trigger \"us-central1-geocode\" has been found, beginning invocation!"}}
[info] i  functions: Beginning execution of "us-central1-geocode" {"metadata":{"emulator":{"name":"functions"},"function":{"name":"us-central1-geocode"},"message":"Beginning execution of \"us-central1-geocode\""}}
[debug] [2021-07-21T21:56:35.591Z] [runtime-status] [12800] triggerDefinition {"httpsTrigger":{},"name":"geocode","entryPoint":"geocode","regions":["us-central1"],"region":"us-central1","id":"us-central1-geocode"} {"metadata":{"emulator":{"name":"functions"},"function":{"name":"us-central1-geocode"},"message":"[runtime-status] [12800] triggerDefinition {\"httpsTrigger\":{},\"name\":\"geocode\",\"entryPoint\":\"geocode\",\"regions\":[\"us-central1\"],\"region\":\"us-central1\",\"id\":\"us-central1-geocode\"}"}}
[debug] [2021-07-21T21:56:35.592Z] [runtime-status] [12800] Running us-central1-geocode in mode HTTPS {"metadata":{"emulator":{"name":"functions"},"function":{"name":"us-central1-geocode"},"message":"[runtime-status] [12800] Running us-central1-geocode in mode HTTPS"}}
[debug] [2021-07-21T21:56:35.592Z] [runtime-status] [12800] Attempting to listen to socketPath: \\?\pipe\C:\Users\weich\Desktop\ReactNative\projects\MealsToGo\functions\12800 {"metadata":{"emulator":{"name":"functions"},"function":{"name":"us-central1-geocode"},"message":"[runtime-status] [12800] Attempting to listen to socketPath: \\\\?\\pipe\\C:\\Users\\weich\\Desktop\\ReactNative\\projects\\MealsToGo\\functions\\12800"}}
[debug] [2021-07-21T21:56:35.593Z] [functions] Runtime ready! Sending request! {"metadata":{"emulator":{"name":"functions"},"message":"[functions] Runtime ready! Sending request!"}}
[debug] [2021-07-21T21:56:35.593Z] [functions] Got req.url=/mealstogo-d1a74/us-central1/geocode?city=Toronto, mapping to path=/?city=Toronto {"metadata":{"emulator":{"name":"functions"},"message":"[functions] Got req.url=/mealstogo-d1a74/us-central1/geocode?city=Toronto, mapping to path=/?city=Toronto"}}
[debug] [2021-07-21T21:56:35.595Z] [runtime-status] [12800] Ephemeral server handling GET request {"metadata":{"emulator":{"name":"functions"},"function":{"name":"us-central1-geocode"},"message":"[runtime-status] [12800] Ephemeral server handling GET request"}}
[debug] [2021-07-21T21:56:35.597Z] [runtime-status] [12800] Ephemeral server survived. {"metadata":{"emulator":{"name":"functions"},"function":{"name":"us-central1-geocode"},"message":"[runtime-status] [12800] Ephemeral server survived."}}
[info] i  functions: Finished "us-central1-geocode" in ~1s {"metadata":{"emulator":{"name":"functions"},"function":{"name":"us-central1-geocode"},"message":"Finished \"us-central1-geocode\" in ~1s"}}
[debug] [2021-07-21T21:56:35.599Z] [worker-us-central1-geocode-087d0f2d-8e02-4339-8199-fb2f9adb73ed]: IDLE {"metadata":{"emulator":{"name":"functions"},"message":"[worker-us-central1-geocode-087d0f2d-8e02-4339-8199-fb2f9adb73ed]: IDLE"}}
[debug] [2021-07-21T21:56:35.599Z] [work-queue] {"queueLength":0,"workRunningCount":0}
